05/02/2017 12:10:11 (Std) 	+-+-+-+-+-+-+-+-+-+-+-+-+-+-+-+-+-+-+-+-+-+-+-+-+-+-+-+-+-+-+-+-+-+-+-+-+-+-+-+
05/02/2017 12:10:11 (Std) 	+                     Crazy Eddie's GUI System - Event log                    +
05/02/2017 12:10:11 (Std) 	+                          (http://www.cegui.org.uk/)                         +
05/02/2017 12:10:11 (Std) 	+-+-+-+-+-+-+-+-+-+-+-+-+-+-+-+-+-+-+-+-+-+-+-+-+-+-+-+-+-+-+-+-+-+-+-+-+-+-+-+

05/02/2017 12:10:11 (Std) 	CEGUI::Logger singleton created. (0x113f257e0)
05/02/2017 12:10:11 (Std) 	
05/02/2017 12:10:11 (Std) 	********************************************************************************
05/02/2017 12:10:11 (Std) 	* Important:                                                                   *
05/02/2017 12:10:11 (Std) 	*     To get support at the CEGUI forums, you must post _at least_ the section *
05/02/2017 12:10:11 (Std) 	*     of this log file indicated below.  Failure to do this will result in no  *
05/02/2017 12:10:11 (Std) 	*     support being given; please do not waste our time.                       *
05/02/2017 12:10:11 (Std) 	********************************************************************************
05/02/2017 12:10:11 (Std) 	********************************************************************************
05/02/2017 12:10:11 (Std) 	* -------- START OF ESSENTIAL SECTION TO BE POSTED ON THE FORUM       -------- *
05/02/2017 12:10:11 (Std) 	********************************************************************************
05/02/2017 12:10:11 (Std) 	---- Version: 0.8.7 (Build: Feb  1 2017 Debug Apple Mac g++ 4.2.1 Compatible Apple LLVM 8.0.0 (clang-800.0.42.1) 64 bit) ----
05/02/2017 12:10:11 (Std) 	---- Renderer module is: CEGUI::IrrlichtRenderer - Official Irrlicht based 2nd generation renderer module.  RenderTarget support is enabled. ----
05/02/2017 12:10:11 (Std) 	---- XML Parser module is: CEGUI::ExpatParser - Official expat based parser module for CEGUI ----
05/02/2017 12:10:11 (Std) 	---- Image Codec module is: IrrlichtImageCodec - Integrated ImageCodec using the Irrlicht engine. ----
05/02/2017 12:10:11 (Std) 	---- Scripting module is: None ----
05/02/2017 12:10:11 (Std) 	********************************************************************************
05/02/2017 12:10:11 (Std) 	* -------- END OF ESSENTIAL SECTION TO BE POSTED ON THE FORUM         -------- *
05/02/2017 12:10:11 (Std) 	********************************************************************************
05/02/2017 12:10:11 (Std) 	
05/02/2017 12:10:11 (Std) 	---- Begining CEGUI System initialisation ----
05/02/2017 12:10:11 (Std) 	[CEGUI::ImageManager] Singleton created (0x6000000849c0)
05/02/2017 12:10:11 (Std) 	[CEGUI::ImageManager] Registered Image type: BasicImage
05/02/2017 12:10:11 (Std) 	CEGUI::FontManager singleton created. (0x6000001c02d0)
05/02/2017 12:10:11 (Std) 	CEGUI::WindowFactoryManager singleton created
05/02/2017 12:10:11 (Std) 	CEGUI::WindowManager singleton created (0x6000000c3bf0)
05/02/2017 12:10:11 (Std) 	CEGUI::SchemeManager singleton created. (0x6000001e0500)
05/02/2017 12:10:11 (Std) 	CEGUI::GlobalEventSet singleton created. (0x60000004b550)
05/02/2017 12:10:11 (Std) 	CEGUI::AnimationManager singleton created (0x6000000c19d0)
05/02/2017 12:10:11 (Std) 	CEGUI::WidgetLookManager singleton created. (0x60000003d7a0)
05/02/2017 12:10:11 (Std) 	CEGUI::WindowRendererManager singleton created (0x60000003d7c0)
05/02/2017 12:10:11 (Std) 	CEGUI::RenderEffectManager singleton created (0x60000004b580)
05/02/2017 12:10:11 (Std) 	Created WindowFactory for 'DefaultWindow' windows.
05/02/2017 12:10:11 (Std) 	WindowFactory for 'DefaultWindow' windows added. (0x600000163480)
05/02/2017 12:10:11 (Std) 	Created WindowFactory for 'DragContainer' windows.
05/02/2017 12:10:11 (Std) 	WindowFactory for 'DragContainer' windows added. (0x600000163540)
05/02/2017 12:10:11 (Std) 	Created WindowFactory for 'ScrolledContainer' windows.
05/02/2017 12:10:11 (Std) 	WindowFactory for 'ScrolledContainer' windows added. (0x600000163600)
05/02/2017 12:10:11 (Std) 	Created WindowFactory for 'ClippedContainer' windows.
05/02/2017 12:10:11 (Std) 	WindowFactory for 'ClippedContainer' windows added. (0x6000001636c0)
05/02/2017 12:10:11 (Std) 	Created WindowFactory for 'CEGUI/PushButton' windows.
05/02/2017 12:10:11 (Std) 	WindowFactory for 'CEGUI/PushButton' windows added. (0x600000163780)
05/02/2017 12:10:11 (Std) 	Created WindowFactory for 'CEGUI/RadioButton' windows.
05/02/2017 12:10:11 (Std) 	WindowFactory for 'CEGUI/RadioButton' windows added. (0x600000163840)
05/02/2017 12:10:11 (Std) 	Created WindowFactory for 'CEGUI/Combobox' windows.
05/02/2017 12:10:11 (Std) 	WindowFactory for 'CEGUI/Combobox' windows added. (0x600000163900)
05/02/2017 12:10:11 (Std) 	Created WindowFactory for 'CEGUI/ComboDropList' windows.
05/02/2017 12:10:11 (Std) 	WindowFactory for 'CEGUI/ComboDropList' windows added. (0x6000001639c0)
05/02/2017 12:10:11 (Std) 	Created WindowFactory for 'CEGUI/Editbox' windows.
05/02/2017 12:10:11 (Std) 	WindowFactory for 'CEGUI/Editbox' windows added. (0x600000163a80)
05/02/2017 12:10:11 (Std) 	Created WindowFactory for 'CEGUI/FrameWindow' windows.
05/02/2017 12:10:11 (Std) 	WindowFactory for 'CEGUI/FrameWindow' windows added. (0x600000163b40)
05/02/2017 12:10:11 (Std) 	Created WindowFactory for 'CEGUI/ItemEntry' windows.
05/02/2017 12:10:11 (Std) 	WindowFactory for 'CEGUI/ItemEntry' windows added. (0x600000163c00)
05/02/2017 12:10:11 (Std) 	Created WindowFactory for 'CEGUI/Listbox' windows.
05/02/2017 12:10:11 (Std) 	WindowFactory for 'CEGUI/Listbox' windows added. (0x600000163cc0)
05/02/2017 12:10:11 (Std) 	Created WindowFactory for 'CEGUI/ListHeader' windows.
05/02/2017 12:10:11 (Std) 	WindowFactory for 'CEGUI/ListHeader' windows added. (0x600000163d80)
05/02/2017 12:10:11 (Std) 	Created WindowFactory for 'CEGUI/ListHeaderSegment' windows.
05/02/2017 12:10:11 (Std) 	WindowFactory for 'CEGUI/ListHeaderSegment' windows added. (0x600000163e40)
05/02/2017 12:10:11 (Std) 	Created WindowFactory for 'CEGUI/Menubar' windows.
05/02/2017 12:10:11 (Std) 	WindowFactory for 'CEGUI/Menubar' windows added. (0x600000163f00)
05/02/2017 12:10:11 (Std) 	Created WindowFactory for 'CEGUI/PopupMenu' windows.
05/02/2017 12:10:11 (Std) 	WindowFactory for 'CEGUI/PopupMenu' windows added. (0x600000163fc0)
05/02/2017 12:10:11 (Std) 	Created WindowFactory for 'CEGUI/MenuItem' windows.
05/02/2017 12:10:11 (Std) 	WindowFactory for 'CEGUI/MenuItem' windows added. (0x600000164080)
05/02/2017 12:10:11 (Std) 	Created WindowFactory for 'CEGUI/MultiColumnList' windows.
05/02/2017 12:10:11 (Std) 	WindowFactory for 'CEGUI/MultiColumnList' windows added. (0x600000164140)
05/02/2017 12:10:11 (Std) 	Created WindowFactory for 'CEGUI/MultiLineEditbox' windows.
05/02/2017 12:10:11 (Std) 	WindowFactory for 'CEGUI/MultiLineEditbox' windows added. (0x600000164200)
05/02/2017 12:10:11 (Std) 	Created WindowFactory for 'CEGUI/ProgressBar' windows.
05/02/2017 12:10:11 (Std) 	WindowFactory for 'CEGUI/ProgressBar' windows added. (0x6000001642c0)
05/02/2017 12:10:11 (Std) 	Created WindowFactory for 'CEGUI/ScrollablePane' windows.
05/02/2017 12:10:11 (Std) 	WindowFactory for 'CEGUI/ScrollablePane' windows added. (0x600000164380)
05/02/2017 12:10:11 (Std) 	Created WindowFactory for 'CEGUI/Scrollbar' windows.
05/02/2017 12:10:11 (Std) 	WindowFactory for 'CEGUI/Scrollbar' windows added. (0x600000164440)
05/02/2017 12:10:11 (Std) 	Created WindowFactory for 'CEGUI/Slider' windows.
05/02/2017 12:10:11 (Std) 	WindowFactory for 'CEGUI/Slider' windows added. (0x600000164500)
05/02/2017 12:10:11 (Std) 	Created WindowFactory for 'CEGUI/Spinner' windows.
05/02/2017 12:10:11 (Std) 	WindowFactory for 'CEGUI/Spinner' windows added. (0x6000001645c0)
05/02/2017 12:10:11 (Std) 	Created WindowFactory for 'CEGUI/TabButton' windows.
05/02/2017 12:10:11 (Std) 	WindowFactory for 'CEGUI/TabButton' windows added. (0x600000164680)
05/02/2017 12:10:11 (Std) 	Created WindowFactory for 'CEGUI/TabControl' windows.
05/02/2017 12:10:11 (Std) 	WindowFactory for 'CEGUI/TabControl' windows added. (0x600000164740)
05/02/2017 12:10:11 (Std) 	Created WindowFactory for 'CEGUI/Thumb' windows.
05/02/2017 12:10:11 (Std) 	WindowFactory for 'CEGUI/Thumb' windows added. (0x608000161ec0)
05/02/2017 12:10:11 (Std) 	Created WindowFactory for 'CEGUI/Titlebar' windows.
05/02/2017 12:10:11 (Std) 	WindowFactory for 'CEGUI/Titlebar' windows added. (0x608000161f80)
05/02/2017 12:10:11 (Std) 	Created WindowFactory for 'CEGUI/ToggleButton' windows.
05/02/2017 12:10:11 (Std) 	WindowFactory for 'CEGUI/ToggleButton' windows added. (0x608000161e00)
05/02/2017 12:10:11 (Std) 	Created WindowFactory for 'CEGUI/Tooltip' windows.
05/02/2017 12:10:11 (Std) 	WindowFactory for 'CEGUI/Tooltip' windows added. (0x608000161bc0)
05/02/2017 12:10:11 (Std) 	Created WindowFactory for 'CEGUI/ItemListbox' windows.
05/02/2017 12:10:11 (Std) 	WindowFactory for 'CEGUI/ItemListbox' windows added. (0x608000161740)
05/02/2017 12:10:11 (Std) 	Created WindowFactory for 'CEGUI/GroupBox' windows.
05/02/2017 12:10:11 (Std) 	WindowFactory for 'CEGUI/GroupBox' windows added. (0x608000161c80)
05/02/2017 12:10:11 (Std) 	Created WindowFactory for 'CEGUI/Tree' windows.
05/02/2017 12:10:11 (Std) 	WindowFactory for 'CEGUI/Tree' windows added. (0x608000162040)
05/02/2017 12:10:11 (Std) 	Created WindowFactory for 'LayoutCell' windows.
05/02/2017 12:10:11 (Std) 	WindowFactory for 'LayoutCell' windows added. (0x608000162100)
05/02/2017 12:10:11 (Std) 	Created WindowFactory for 'HorizontalLayoutContainer' windows.
05/02/2017 12:10:11 (Std) 	WindowFactory for 'HorizontalLayoutContainer' windows added. (0x6080001621c0)
05/02/2017 12:10:11 (Std) 	Created WindowFactory for 'VerticalLayoutContainer' windows.
05/02/2017 12:10:11 (Std) 	WindowFactory for 'VerticalLayoutContainer' windows added. (0x608000162280)
05/02/2017 12:10:11 (Std) 	Created WindowFactory for 'GridLayoutContainer' windows.
05/02/2017 12:10:11 (Std) 	WindowFactory for 'GridLayoutContainer' windows added. (0x608000162340)
05/02/2017 12:10:11 (Std) 	CEGUI::System singleton created. (0x113f25490)
05/02/2017 12:10:11 (Std) 	---- CEGUI System initialisation completed ----
05/02/2017 12:10:11 (Std) 	
05/02/2017 12:10:11 (Info) 	Window 'root' of type 'DefaultWindow' has been created. (0x1024b7e00)
05/02/2017 12:10:11 (Std) 	Started creation of Scheme from XML specification:
05/02/2017 12:10:11 (Std) 	---- CEGUI GUIScheme name: Generic
05/02/2017 12:10:11 (Info) 	Finished creation of GUIScheme 'Generic' via XML file. (0x113f2b5b0)
05/02/2017 12:10:11 (Info) 	---- Begining resource loading for GUI scheme 'Generic' ----
05/02/2017 12:10:11 (Std) 	===== Falagard 'root' element: look and feel parsing begins =====
05/02/2017 12:10:11 (Info) 	---> Start of definition for widget look 'Generic/Label'.
05/02/2017 12:10:11 (Info) 	---< End of definition for widget look 'Generic/Label'.
05/02/2017 12:10:11 (Info) 	---> Start of definition for widget look 'Generic/LabelWithOutline'.
05/02/2017 12:10:11 (Info) 	---< End of definition for widget look 'Generic/LabelWithOutline'.
05/02/2017 12:10:11 (Info) 	---> Start of definition for widget look 'Generic/Image'.
05/02/2017 12:10:11 (Info) 	---< End of definition for widget look 'Generic/Image'.
05/02/2017 12:10:11 (Info) 	---> Start of definition for widget look 'Generic/ImageButton'.
05/02/2017 12:10:11 (Info) 	---< End of definition for widget look 'Generic/ImageButton'.
05/02/2017 12:10:11 (Std) 	===== Look and feel parsing completed =====
05/02/2017 12:10:11 (Std) 	No window renderer factories specified for module 'CEGUICoreWindowRendererSet' - adding all available factories...
05/02/2017 12:10:11 (Std) 	Created WindowRendererFactory for 'Core/Button' WindowRenderers.
05/02/2017 12:10:11 (Std) 	WindowRendererFactory 'Core/Button' added. (0x600000165f40)
05/02/2017 12:10:11 (Std) 	Created WindowRendererFactory for 'Core/Default' WindowRenderers.
05/02/2017 12:10:11 (Std) 	WindowRendererFactory 'Core/Default' added. (0x600000166000)
05/02/2017 12:10:11 (Std) 	Created WindowRendererFactory for 'Core/Editbox' WindowRenderers.
05/02/2017 12:10:11 (Std) 	WindowRendererFactory 'Core/Editbox' added. (0x6000001660c0)
05/02/2017 12:10:11 (Std) 	Created WindowRendererFactory for 'Core/FrameWindow' WindowRenderers.
05/02/2017 12:10:11 (Std) 	WindowRendererFactory 'Core/FrameWindow' added. (0x600000166180)
05/02/2017 12:10:11 (Std) 	Created WindowRendererFactory for 'Core/ItemEntry' WindowRenderers.
05/02/2017 12:10:11 (Std) 	WindowRendererFactory 'Core/ItemEntry' added. (0x600000166240)
05/02/2017 12:10:11 (Std) 	Created WindowRendererFactory for 'Core/ListHeader' WindowRenderers.
05/02/2017 12:10:11 (Std) 	WindowRendererFactory 'Core/ListHeader' added. (0x600000166300)
05/02/2017 12:10:11 (Std) 	Created WindowRendererFactory for 'Core/ListHeaderSegment' WindowRenderers.
05/02/2017 12:10:11 (Std) 	WindowRendererFactory 'Core/ListHeaderSegment' added. (0x6000001663c0)
05/02/2017 12:10:11 (Std) 	Created WindowRendererFactory for 'Core/Listbox' WindowRenderers.
05/02/2017 12:10:11 (Std) 	WindowRendererFactory 'Core/Listbox' added. (0x600000166480)
05/02/2017 12:10:11 (Std) 	Created WindowRendererFactory for 'Core/Menubar' WindowRenderers.
05/02/2017 12:10:11 (Std) 	WindowRendererFactory 'Core/Menubar' added. (0x600000166540)
05/02/2017 12:10:11 (Std) 	Created WindowRendererFactory for 'Core/MenuItem' WindowRenderers.
05/02/2017 12:10:11 (Std) 	WindowRendererFactory 'Core/MenuItem' added. (0x600000166600)
05/02/2017 12:10:11 (Std) 	Created WindowRendererFactory for 'Core/MultiColumnList' WindowRenderers.
05/02/2017 12:10:11 (Std) 	WindowRendererFactory 'Core/MultiColumnList' added. (0x6000001666c0)
05/02/2017 12:10:11 (Std) 	Created WindowRendererFactory for 'Core/MultiLineEditbox' WindowRenderers.
05/02/2017 12:10:11 (Std) 	WindowRendererFactory 'Core/MultiLineEditbox' added. (0x600000166780)
05/02/2017 12:10:11 (Std) 	Created WindowRendererFactory for 'Core/PopupMenu' WindowRenderers.
05/02/2017 12:10:11 (Std) 	WindowRendererFactory 'Core/PopupMenu' added. (0x600000166840)
05/02/2017 12:10:11 (Std) 	Created WindowRendererFactory for 'Core/ProgressBar' WindowRenderers.
05/02/2017 12:10:11 (Std) 	WindowRendererFactory 'Core/ProgressBar' added. (0x600000166900)
05/02/2017 12:10:11 (Std) 	Created WindowRendererFactory for 'Core/ScrollablePane' WindowRenderers.
05/02/2017 12:10:11 (Std) 	WindowRendererFactory 'Core/ScrollablePane' added. (0x6000001669c0)
05/02/2017 12:10:11 (Std) 	Created WindowRendererFactory for 'Core/Scrollbar' WindowRenderers.
05/02/2017 12:10:11 (Std) 	WindowRendererFactory 'Core/Scrollbar' added. (0x600000166a80)
05/02/2017 12:10:11 (Std) 	Created WindowRendererFactory for 'Core/Slider' WindowRenderers.
05/02/2017 12:10:11 (Std) 	WindowRendererFactory 'Core/Slider' added. (0x600000166b40)
05/02/2017 12:10:11 (Std) 	Created WindowRendererFactory for 'Core/Static' WindowRenderers.
05/02/2017 12:10:11 (Std) 	WindowRendererFactory 'Core/Static' added. (0x600000166c00)
05/02/2017 12:10:11 (Std) 	Created WindowRendererFactory for 'Core/StaticImage' WindowRenderers.
05/02/2017 12:10:11 (Std) 	WindowRendererFactory 'Core/StaticImage' added. (0x600000166cc0)
05/02/2017 12:10:11 (Std) 	Created WindowRendererFactory for 'Core/StaticText' WindowRenderers.
05/02/2017 12:10:11 (Std) 	WindowRendererFactory 'Core/StaticText' added. (0x600000166d80)
05/02/2017 12:10:11 (Std) 	Created WindowRendererFactory for 'Core/TabButton' WindowRenderers.
05/02/2017 12:10:11 (Std) 	WindowRendererFactory 'Core/TabButton' added. (0x600000166e40)
05/02/2017 12:10:11 (Std) 	Created WindowRendererFactory for 'Core/TabControl' WindowRenderers.
05/02/2017 12:10:11 (Std) 	WindowRendererFactory 'Core/TabControl' added. (0x600000166f00)
05/02/2017 12:10:11 (Std) 	Created WindowRendererFactory for 'Core/Titlebar' WindowRenderers.
05/02/2017 12:10:11 (Std) 	WindowRendererFactory 'Core/Titlebar' added. (0x600000166fc0)
05/02/2017 12:10:11 (Std) 	Created WindowRendererFactory for 'Core/ToggleButton' WindowRenderers.
05/02/2017 12:10:11 (Std) 	WindowRendererFactory 'Core/ToggleButton' added. (0x600000167080)
05/02/2017 12:10:11 (Std) 	Created WindowRendererFactory for 'Core/Tooltip' WindowRenderers.
05/02/2017 12:10:11 (Std) 	WindowRendererFactory 'Core/Tooltip' added. (0x600000167140)
05/02/2017 12:10:11 (Std) 	Created WindowRendererFactory for 'Core/ItemListbox' WindowRenderers.
05/02/2017 12:10:11 (Std) 	WindowRendererFactory 'Core/ItemListbox' added. (0x600000167200)
05/02/2017 12:10:11 (Std) 	Created WindowRendererFactory for 'Core/Tree' WindowRenderers.
05/02/2017 12:10:11 (Std) 	WindowRendererFactory 'Core/Tree' added. (0x6000001672c0)
05/02/2017 12:10:11 (Std) 	Creating falagard mapping for type 'Generic/Label' using base type 'DefaultWindow', window renderer 'Core/Default' Look'N'Feel 'Generic/Label' and RenderEffect ''. (0x7fff5fbfcc40)
05/02/2017 12:10:11 (Std) 	Creating falagard mapping for type 'Generic/LabelWithOutline' using base type 'DefaultWindow', window renderer 'Core/Default' Look'N'Feel 'Generic/LabelWithOutline' and RenderEffect ''. (0x7fff5fbfcc40)
05/02/2017 12:10:11 (Std) 	Creating falagard mapping for type 'Generic/Image' using base type 'DefaultWindow', window renderer 'Core/Default' Look'N'Feel 'Generic/Image' and RenderEffect ''. (0x7fff5fbfcc40)
05/02/2017 12:10:11 (Std) 	Creating falagard mapping for type 'Generic/ImageButton' using base type 'CEGUI/PushButton', window renderer 'Core/Button' Look'N'Feel 'Generic/ImageButton' and RenderEffect ''. (0x7fff5fbfcc40)
05/02/2017 12:10:11 (Info) 	---- Resource loading for GUI scheme 'Generic' completed ----
05/02/2017 12:10:11 (Std) 	Started creation of Scheme from XML specification:
05/02/2017 12:10:11 (Std) 	---- CEGUI GUIScheme name: OgreTray
05/02/2017 12:10:11 (Info) 	Finished creation of GUIScheme 'OgreTray' via XML file. (0x113e90330)
05/02/2017 12:10:11 (Info) 	---- Begining resource loading for GUI scheme 'OgreTray' ----
05/02/2017 12:10:11 (Std) 	[ImageManager] Started creation of Imageset from XML specification:
05/02/2017 12:10:11 (Std) 	[ImageManager] ---- CEGUI Imageset name: OgreTrayImages
05/02/2017 12:10:11 (Std) 	[ImageManager] ---- Source texture file: OgreTrayImages.png
05/02/2017 12:10:11 (Std) 	[ImageManager] ---- Source texture resource group: (Default)
05/02/2017 12:10:11 (Std) 	[IrrlichtRenderer] Created texture: OgreTrayImages
05/02/2017 12:10:11 (Std) 	[ImageManager] Created image: 'OgreTrayImages/Pulse' (0x101f04460) of type: BasicImage
05/02/2017 12:10:11 (Std) 	[ImageManager] Created image: 'OgreTrayImages/Shade' (0x101f04f00) of type: BasicImage
05/02/2017 12:10:11 (Std) 	[ImageManager] Created image: 'OgreTrayImages/TrayB' (0x101f06bf0) of type: BasicImage
05/02/2017 12:10:11 (Std) 	[ImageManager] Created image: 'OgreTrayImages/TrayL' (0x101f03080) of type: BasicImage
05/02/2017 12:10:11 (Std) 	[ImageManager] Created image: 'OgreTrayImages/TrayM' (0x101f08ac0) of type: BasicImage
05/02/2017 12:10:11 (Std) 	[ImageManager] Created image: 'OgreTrayImages/TrayR' (0x101f02120) of type: BasicImage
05/02/2017 12:10:11 (Std) 	[ImageManager] Created image: 'OgreTrayImages/TrayT' (0x101f2d980) of type: BasicImage
05/02/2017 12:10:11 (Std) 	[ImageManager] Created image: 'OgreTrayImages/FrameB' (0x101f2da90) of type: BasicImage
05/02/2017 12:10:11 (Std) 	[ImageManager] Created image: 'OgreTrayImages/FrameL' (0x101f2dba0) of type: BasicImage
05/02/2017 12:10:11 (Std) 	[ImageManager] Created image: 'OgreTrayImages/FrameM' (0x101f2dcb0) of type: BasicImage
05/02/2017 12:10:11 (Std) 	[ImageManager] Created image: 'OgreTrayImages/FrameR' (0x101f2ddc0) of type: BasicImage
05/02/2017 12:10:11 (Std) 	[ImageManager] Created image: 'OgreTrayImages/FrameT' (0x101f2ded0) of type: BasicImage
05/02/2017 12:10:11 (Std) 	[ImageManager] Created image: 'OgreTrayImages/Handle' (0x101f2dfe0) of type: BasicImage
05/02/2017 12:10:11 (Std) 	[ImageManager] Created image: 'OgreTrayImages/TrayBL' (0x101f2e0f0) of type: BasicImage
05/02/2017 12:10:11 (Std) 	[ImageManager] Created image: 'OgreTrayImages/TrayBR' (0x101f2e200) of type: BasicImage
05/02/2017 12:10:11 (Std) 	[ImageManager] Created image: 'OgreTrayImages/TrayTL' (0x101f2e310) of type: BasicImage
05/02/2017 12:10:11 (Std) 	[ImageManager] Created image: 'OgreTrayImages/TrayTR' (0x101f2e420) of type: BasicImage
05/02/2017 12:10:11 (Std) 	[ImageManager] Created image: 'OgreTrayImages/FrameBL' (0x101f2e530) of type: BasicImage
05/02/2017 12:10:11 (Std) 	[ImageManager] Created image: 'OgreTrayImages/FrameBR' (0x101f2e640) of type: BasicImage
05/02/2017 12:10:11 (Std) 	[ImageManager] Created image: 'OgreTrayImages/FrameTL' (0x101f2e750) of type: BasicImage
05/02/2017 12:10:11 (Std) 	[ImageManager] Created image: 'OgreTrayImages/FrameTR' (0x101f2e860) of type: BasicImage
05/02/2017 12:10:11 (Std) 	[ImageManager] Created image: 'OgreTrayImages/CaptionL' (0x101f2e970) of type: BasicImage
05/02/2017 12:10:11 (Std) 	[ImageManager] Created image: 'OgreTrayImages/CaptionM' (0x101f2ea80) of type: BasicImage
05/02/2017 12:10:11 (Std) 	[ImageManager] Created image: 'OgreTrayImages/CaptionR' (0x101f2eb90) of type: BasicImage
05/02/2017 12:10:11 (Std) 	[ImageManager] Created image: 'OgreTrayImages/OgreLogo' (0x101c011d0) of type: BasicImage
05/02/2017 12:10:11 (Std) 	[ImageManager] Created image: 'OgreTrayImages/TextBoxB' (0x113e91cd0) of type: BasicImage
05/02/2017 12:10:11 (Std) 	[ImageManager] Created image: 'OgreTrayImages/TextBoxL' (0x113e91de0) of type: BasicImage
05/02/2017 12:10:11 (Std) 	[ImageManager] Created image: 'OgreTrayImages/TextBoxM' (0x113e91ef0) of type: BasicImage
05/02/2017 12:10:11 (Std) 	[ImageManager] Created image: 'OgreTrayImages/TextBoxR' (0x113e92000) of type: BasicImage
05/02/2017 12:10:11 (Std) 	[ImageManager] Created image: 'OgreTrayImages/TextBoxT' (0x113e92110) of type: BasicImage
05/02/2017 12:10:11 (Std) 	[ImageManager] Created image: 'OgreTrayImages/BandsFull' (0x113e92220) of type: BasicImage
05/02/2017 12:10:11 (Std) 	[ImageManager] Created image: 'OgreTrayImages/ButtonUpB' (0x113e92330) of type: BasicImage
05/02/2017 12:10:11 (Std) 	[ImageManager] Created image: 'OgreTrayImages/ButtonUpL' (0x113e92440) of type: BasicImage
05/02/2017 12:10:11 (Std) 	[ImageManager] Created image: 'OgreTrayImages/ButtonUpM' (0x113e92550) of type: BasicImage
05/02/2017 12:10:11 (Std) 	[ImageManager] Created image: 'OgreTrayImages/ButtonUpR' (0x113e92660) of type: BasicImage
05/02/2017 12:10:11 (Std) 	[ImageManager] Created image: 'OgreTrayImages/ButtonUpT' (0x113e92770) of type: BasicImage
05/02/2017 12:10:11 (Std) 	[ImageManager] Created image: 'OgreTrayImages/MiniTrayB' (0x113e92880) of type: BasicImage
05/02/2017 12:10:11 (Std) 	[ImageManager] Created image: 'OgreTrayImages/MiniTrayL' (0x113e92990) of type: BasicImage
05/02/2017 12:10:11 (Std) 	[ImageManager] Created image: 'OgreTrayImages/MiniTrayM' (0x113e92aa0) of type: BasicImage
05/02/2017 12:10:11 (Std) 	[ImageManager] Created image: 'OgreTrayImages/MiniTrayR' (0x113e92bb0) of type: BasicImage
05/02/2017 12:10:11 (Std) 	[ImageManager] Created image: 'OgreTrayImages/MiniTrayT' (0x113e92cc0) of type: BasicImage
05/02/2017 12:10:11 (Std) 	[ImageManager] Created image: 'OgreTrayImages/TextBoxBL' (0x113e92dd0) of type: BasicImage
05/02/2017 12:10:11 (Std) 	[ImageManager] Created image: 'OgreTrayImages/TextBoxBR' (0x113e92ee0) of type: BasicImage
05/02/2017 12:10:11 (Std) 	[ImageManager] Created image: 'OgreTrayImages/TextBoxTL' (0x113e92ff0) of type: BasicImage
05/02/2017 12:10:11 (Std) 	[ImageManager] Created image: 'OgreTrayImages/TextBoxTR' (0x113e93100) of type: BasicImage
05/02/2017 12:10:11 (Std) 	[ImageManager] Created image: 'OgreTrayImages/ButtonUpBL' (0x113e93210) of type: BasicImage
05/02/2017 12:10:11 (Std) 	[ImageManager] Created image: 'OgreTrayImages/ButtonUpBR' (0x113e93320) of type: BasicImage
05/02/2017 12:10:11 (Std) 	[ImageManager] Created image: 'OgreTrayImages/ButtonUpTL' (0x113e93430) of type: BasicImage
05/02/2017 12:10:11 (Std) 	[ImageManager] Created image: 'OgreTrayImages/ButtonUpTR' (0x113e93540) of type: BasicImage
05/02/2017 12:10:11 (Std) 	[ImageManager] Created image: 'OgreTrayImages/HorzTrackL' (0x113e93650) of type: BasicImage
05/02/2017 12:10:11 (Std) 	[ImageManager] Created image: 'OgreTrayImages/HorzTrackM' (0x113e93760) of type: BasicImage
05/02/2017 12:10:11 (Std) 	[ImageManager] Created image: 'OgreTrayImages/HorzTrackR' (0x113e93870) of type: BasicImage
05/02/2017 12:10:11 (Std) 	[ImageManager] Created image: 'OgreTrayImages/MiniTrayBL' (0x113e93980) of type: BasicImage
05/02/2017 12:10:11 (Std) 	[ImageManager] Created image: 'OgreTrayImages/MiniTrayBR' (0x113e93a90) of type: BasicImage
05/02/2017 12:10:11 (Std) 	[ImageManager] Created image: 'OgreTrayImages/MiniTrayTL' (0x113e93ba0) of type: BasicImage
05/02/2017 12:10:11 (Std) 	[ImageManager] Created image: 'OgreTrayImages/MiniTrayTR' (0x113e93cb0) of type: BasicImage
05/02/2017 12:10:11 (Std) 	[ImageManager] Created image: 'OgreTrayImages/MouseArrow' (0x113e93dc0) of type: BasicImage
05/02/2017 12:10:11 (Std) 	[ImageManager] Created image: 'OgreTrayImages/SeparatorL' (0x113e93ed0) of type: BasicImage
05/02/2017 12:10:11 (Std) 	[ImageManager] Created image: 'OgreTrayImages/SeparatorM' (0x113e93fe0) of type: BasicImage
05/02/2017 12:10:11 (Std) 	[ImageManager] Created image: 'OgreTrayImages/SeparatorR' (0x113e940f0) of type: BasicImage
05/02/2017 12:10:11 (Std) 	[ImageManager] Created image: 'OgreTrayImages/VertTrackB' (0x113e94200) of type: BasicImage
05/02/2017 12:10:11 (Std) 	[ImageManager] Created image: 'OgreTrayImages/VertTrackM' (0x113e94310) of type: BasicImage
05/02/2017 12:10:11 (Std) 	[ImageManager] Created image: 'OgreTrayImages/VertTrackT' (0x113e94420) of type: BasicImage
05/02/2017 12:10:11 (Std) 	[ImageManager] Created image: 'OgreTrayImages/ButtonDownB' (0x113e94530) of type: BasicImage
05/02/2017 12:10:11 (Std) 	[ImageManager] Created image: 'OgreTrayImages/ButtonDownL' (0x113e94640) of type: BasicImage
05/02/2017 12:10:11 (Std) 	[ImageManager] Created image: 'OgreTrayImages/ButtonDownM' (0x113e94750) of type: BasicImage
05/02/2017 12:10:11 (Std) 	[ImageManager] Created image: 'OgreTrayImages/ButtonDownR' (0x113e94860) of type: BasicImage
05/02/2017 12:10:11 (Std) 	[ImageManager] Created image: 'OgreTrayImages/ButtonDownT' (0x113e94970) of type: BasicImage
05/02/2017 12:10:11 (Std) 	[ImageManager] Created image: 'OgreTrayImages/ButtonOverB' (0x113e94a80) of type: BasicImage
05/02/2017 12:10:11 (Std) 	[ImageManager] Created image: 'OgreTrayImages/ButtonOverL' (0x113e94b90) of type: BasicImage
05/02/2017 12:10:11 (Std) 	[ImageManager] Created image: 'OgreTrayImages/ButtonOverM' (0x113e94ca0) of type: BasicImage
05/02/2017 12:10:11 (Std) 	[ImageManager] Created image: 'OgreTrayImages/ButtonOverR' (0x113e94db0) of type: BasicImage
05/02/2017 12:10:11 (Std) 	[ImageManager] Created image: 'OgreTrayImages/ButtonOverT' (0x113e94ec0) of type: BasicImage
05/02/2017 12:10:11 (Std) 	[ImageManager] Created image: 'OgreTrayImages/ButtonDownBL' (0x113e94fd0) of type: BasicImage
05/02/2017 12:10:11 (Std) 	[ImageManager] Created image: 'OgreTrayImages/ButtonDownBR' (0x113e950e0) of type: BasicImage
05/02/2017 12:10:11 (Std) 	[ImageManager] Created image: 'OgreTrayImages/ButtonDownTL' (0x113e951f0) of type: BasicImage
05/02/2017 12:10:11 (Std) 	[ImageManager] Created image: 'OgreTrayImages/ButtonDownTR' (0x113e95300) of type: BasicImage
05/02/2017 12:10:11 (Std) 	[ImageManager] Created image: 'OgreTrayImages/ButtonOverBL' (0x113e95410) of type: BasicImage
05/02/2017 12:10:11 (Std) 	[ImageManager] Created image: 'OgreTrayImages/ButtonOverBR' (0x113e95520) of type: BasicImage
05/02/2017 12:10:11 (Std) 	[ImageManager] Created image: 'OgreTrayImages/ButtonOverTL' (0x113e95630) of type: BasicImage
05/02/2017 12:10:11 (Std) 	[ImageManager] Created image: 'OgreTrayImages/ButtonOverTR' (0x113e95740) of type: BasicImage
05/02/2017 12:10:11 (Std) 	[ImageManager] Created image: 'OgreTrayImages/GenericBrush' (0x113e95850) of type: BasicImage
05/02/2017 12:10:11 (Std) 	[ImageManager] Created image: 'OgreTrayImages/MiniTextBoxB' (0x113e95960) of type: BasicImage
05/02/2017 12:10:11 (Std) 	[ImageManager] Created image: 'OgreTrayImages/MiniTextBoxL' (0x113e95a70) of type: BasicImage
05/02/2017 12:10:11 (Std) 	[ImageManager] Created image: 'OgreTrayImages/MiniTextBoxM' (0x113e95b80) of type: BasicImage
05/02/2017 12:10:11 (Std) 	[ImageManager] Created image: 'OgreTrayImages/MiniTextBoxR' (0x113e95c90) of type: BasicImage
05/02/2017 12:10:11 (Std) 	[ImageManager] Created image: 'OgreTrayImages/MiniTextBoxT' (0x113e95da0) of type: BasicImage
05/02/2017 12:10:11 (Std) 	[ImageManager] Created image: 'OgreTrayImages/MiniTextBoxBL' (0x113e95eb0) of type: BasicImage
05/02/2017 12:10:11 (Std) 	[ImageManager] Created image: 'OgreTrayImages/MiniTextBoxBR' (0x113e95fc0) of type: BasicImage
05/02/2017 12:10:11 (Std) 	[ImageManager] Created image: 'OgreTrayImages/MiniTextBoxTL' (0x113e960d0) of type: BasicImage
05/02/2017 12:10:11 (Std) 	[ImageManager] Created image: 'OgreTrayImages/MiniTextBoxTR' (0x113e961e0) of type: BasicImage
05/02/2017 12:10:11 (Std) 	[ImageManager] Created image: 'OgreTrayImages/MiniTextBoxOverB' (0x113e962f0) of type: BasicImage
05/02/2017 12:10:11 (Std) 	[ImageManager] Created image: 'OgreTrayImages/MiniTextBoxOverL' (0x113e96400) of type: BasicImage
05/02/2017 12:10:11 (Std) 	[ImageManager] Created image: 'OgreTrayImages/MiniTextBoxOverM' (0x113e96510) of type: BasicImage
05/02/2017 12:10:11 (Std) 	[ImageManager] Created image: 'OgreTrayImages/MiniTextBoxOverR' (0x113e96620) of type: BasicImage
05/02/2017 12:10:11 (Std) 	[ImageManager] Created image: 'OgreTrayImages/MiniTextBoxOverT' (0x113e96730) of type: BasicImage
05/02/2017 12:10:11 (Std) 	[ImageManager] Created image: 'OgreTrayImages/MiniTextBoxOverBL' (0x113e96840) of type: BasicImage
05/02/2017 12:10:11 (Std) 	[ImageManager] Created image: 'OgreTrayImages/MiniTextBoxOverBR' (0x113e96950) of type: BasicImage
05/02/2017 12:10:11 (Std) 	[ImageManager] Created image: 'OgreTrayImages/MiniTextBoxOverTL' (0x113e96a60) of type: BasicImage
05/02/2017 12:10:11 (Std) 	[ImageManager] Created image: 'OgreTrayImages/MiniTextBoxOverTR' (0x113e96b70) of type: BasicImage
05/02/2017 12:10:11 (Info) 	Successfully loaded 5633 glyphs
05/02/2017 12:10:11 (Info) 	Finished creation of Font 'DejaVuSans-12' via XML file. (0x113e913d0)
05/02/2017 12:10:11 (Std) 	===== Falagard 'root' element: look and feel parsing begins =====
05/02/2017 12:10:11 (Info) 	---> Start of definition for widget look 'OgreTray/Label'.
05/02/2017 12:10:11 (Info) 	---< End of definition for widget look 'OgreTray/Label'.
05/02/2017 12:10:11 (Info) 	---> Start of definition for widget look 'OgreTray/BGTest'.
05/02/2017 12:10:11 (Info) 	---< End of definition for widget look 'OgreTray/BGTest'.
05/02/2017 12:10:11 (Info) 	---> Start of definition for widget look 'OgreTray/Titlebar'.
05/02/2017 12:10:11 (Info) 	---< End of definition for widget look 'OgreTray/Titlebar'.
05/02/2017 12:10:11 (Info) 	---> Start of definition for widget look 'OgreTray/FrameWindow'.
05/02/2017 12:10:11 (Info) 	---< End of definition for widget look 'OgreTray/FrameWindow'.
05/02/2017 12:10:11 (Info) 	---> Start of definition for widget look 'OgreTray/Thumb'.
05/02/2017 12:10:11 (Info) 	---< End of definition for widget look 'OgreTray/Thumb'.
05/02/2017 12:10:11 (Info) 	---> Start of definition for widget look 'OgreTray/VerticalScrollbar'.
05/02/2017 12:10:11 (Info) 	---< End of definition for widget look 'OgreTray/VerticalScrollbar'.
05/02/2017 12:10:11 (Info) 	---> Start of definition for widget look 'OgreTray/HorizontalScrollbar'.
05/02/2017 12:10:11 (Info) 	---< End of definition for widget look 'OgreTray/HorizontalScrollbar'.
05/02/2017 12:10:11 (Info) 	---> Start of definition for widget look 'OgreTray/StaticShared'.
05/02/2017 12:10:11 (Info) 	---< End of definition for widget look 'OgreTray/StaticShared'.
05/02/2017 12:10:11 (Info) 	---> Start of definition for widget look 'OgreTray/StaticText'.
05/02/2017 12:10:11 (Info) 	---< End of definition for widget look 'OgreTray/StaticText'.
05/02/2017 12:10:11 (Info) 	---> Start of definition for widget look 'OgreTray/CaptionedStaticText'.
05/02/2017 12:10:11 (Info) 	---< End of definition for widget look 'OgreTray/CaptionedStaticText'.
05/02/2017 12:10:11 (Info) 	---> Start of definition for widget look 'OgreTray/MiniTray'.
05/02/2017 12:10:11 (Info) 	---< End of definition for widget look 'OgreTray/MiniTray'.
05/02/2017 12:10:11 (Info) 	---> Start of definition for widget look 'OgreTray/PushButton'.
05/02/2017 12:10:11 (Info) 	---< End of definition for widget look 'OgreTray/PushButton'.
05/02/2017 12:10:11 (Info) 	---> Start of definition for widget look 'OgreTray/ProgressBar'.
05/02/2017 12:10:11 (Info) 	---< End of definition for widget look 'OgreTray/ProgressBar'.
05/02/2017 12:10:11 (Info) 	---> Start of definition for widget look 'OgreTray/Editbox'.
05/02/2017 12:10:11 (Info) 	---< End of definition for widget look 'OgreTray/Editbox'.
05/02/2017 12:10:11 (Info) 	---> Start of definition for widget look 'OgreTray/MultiLineEditbox'.
05/02/2017 12:10:11 (Info) 	---< End of definition for widget look 'OgreTray/MultiLineEditbox'.
05/02/2017 12:10:11 (Info) 	---> Start of definition for widget look 'OgreTray/Listbox'.
05/02/2017 12:10:11 (Info) 	---< End of definition for widget look 'OgreTray/Listbox'.
05/02/2017 12:10:11 (Info) 	---> Start of definition for widget look 'OgreTray/Combobox'.
05/02/2017 12:10:11 (Info) 	---< End of definition for widget look 'OgreTray/Combobox'.
05/02/2017 12:10:11 (Info) 	---> Start of definition for widget look 'OgreTray/DropDownMenu'.
05/02/2017 12:10:11 (Info) 	---< End of definition for widget look 'OgreTray/DropDownMenu'.
05/02/2017 12:10:11 (Info) 	---> Start of definition for widget look 'OgreTray/Group'.
05/02/2017 12:10:11 (Info) 	---< End of definition for widget look 'OgreTray/Group'.
05/02/2017 12:10:11 (Info) 	---> Start of definition for widget look 'OgreTray/Checkbox'.
05/02/2017 12:10:11 (Info) 	---< End of definition for widget look 'OgreTray/Checkbox'.
05/02/2017 12:10:11 (Info) 	---> Start of definition for widget look 'OgreTray/RadioButton'.
05/02/2017 12:10:11 (Info) 	---< End of definition for widget look 'OgreTray/RadioButton'.
05/02/2017 12:10:11 (Info) 	---> Start of definition for widget look 'OgreTray/Slider'.
05/02/2017 12:10:11 (Info) 	---< End of definition for widget look 'OgreTray/Slider'.
05/02/2017 12:10:11 (Info) 	---> Start of definition for widget look 'OgreTray/StaticImage'.
05/02/2017 12:10:11 (Info) 	---< End of definition for widget look 'OgreTray/StaticImage'.
05/02/2017 12:10:11 (Info) 	---> Start of definition for widget look 'OgreTray/AltStaticImage'.
05/02/2017 12:10:11 (Info) 	---< End of definition for widget look 'OgreTray/AltStaticImage'.
05/02/2017 12:10:11 (Info) 	---> Start of definition for widget look 'OgreTray/Tooltip'.
05/02/2017 12:10:11 (Info) 	---< End of definition for widget look 'OgreTray/Tooltip'.
05/02/2017 12:10:11 (Info) 	---> Start of definition for widget look 'OgreTray/ItemListbox'.
05/02/2017 12:10:11 (Info) 	---< End of definition for widget look 'OgreTray/ItemListbox'.
05/02/2017 12:10:11 (Info) 	---> Start of definition for widget look 'OgreTray/ListboxItem'.
05/02/2017 12:10:11 (Info) 	---< End of definition for widget look 'OgreTray/ListboxItem'.
05/02/2017 12:10:11 (Info) 	---> Start of definition for widget look 'OgreTray/Spinner'.
05/02/2017 12:10:11 (Info) 	---< End of definition for widget look 'OgreTray/Spinner'.
05/02/2017 12:10:11 (Info) 	---> Start of definition for widget look 'OgreTray/ScrollablePane'.
05/02/2017 12:10:11 (Info) 	---< End of definition for widget look 'OgreTray/ScrollablePane'.
05/02/2017 12:10:11 (Info) 	---> Start of definition for widget look 'OgreTray/ListHeaderSegment'.
05/02/2017 12:10:11 (Info) 	---< End of definition for widget look 'OgreTray/ListHeaderSegment'.
05/02/2017 12:10:11 (Info) 	---> Start of definition for widget look 'OgreTray/ListHeader'.
05/02/2017 12:10:11 (Info) 	---< End of definition for widget look 'OgreTray/ListHeader'.
05/02/2017 12:10:11 (Info) 	---> Start of definition for widget look 'OgreTray/MultiColumnList'.
05/02/2017 12:10:11 (Info) 	---< End of definition for widget look 'OgreTray/MultiColumnList'.
05/02/2017 12:10:11 (Info) 	---> Start of definition for widget look 'OgreTray/BasicListboxItem'.
05/02/2017 12:10:11 (Info) 	---< End of definition for widget look 'OgreTray/BasicListboxItem'.
05/02/2017 12:10:11 (Info) 	---> Start of definition for widget look 'OgreTray/MenuItem'.
05/02/2017 12:10:11 (Info) 	---< End of definition for widget look 'OgreTray/MenuItem'.
05/02/2017 12:10:11 (Info) 	---> Start of definition for widget look 'OgreTray/Menubar'.
05/02/2017 12:10:11 (Info) 	---< End of definition for widget look 'OgreTray/Menubar'.
05/02/2017 12:10:11 (Info) 	---> Start of definition for widget look 'OgreTray/PopupMenu'.
05/02/2017 12:10:11 (Info) 	---< End of definition for widget look 'OgreTray/PopupMenu'.
05/02/2017 12:10:11 (Info) 	---> Start of definition for widget look 'OgreTray/TabButton'.
05/02/2017 12:10:11 (Info) 	---< End of definition for widget look 'OgreTray/TabButton'.
05/02/2017 12:10:11 (Info) 	---> Start of definition for widget look 'OgreTray/TabButtonPane'.
05/02/2017 12:10:11 (Info) 	---< End of definition for widget look 'OgreTray/TabButtonPane'.
05/02/2017 12:10:11 (Info) 	---> Start of definition for widget look 'OgreTray/TabContentPane'.
05/02/2017 12:10:11 (Info) 	---< End of definition for widget look 'OgreTray/TabContentPane'.
05/02/2017 12:10:11 (Info) 	---> Start of definition for widget look 'OgreTray/TabControl'.
05/02/2017 12:10:11 (Info) 	---< End of definition for widget look 'OgreTray/TabControl'.
05/02/2017 12:10:11 (Std) 	===== Look and feel parsing completed =====
05/02/2017 12:10:11 (Std) 	No window renderer factories specified for module 'CEGUICoreWindowRendererSet' - adding all available factories...
05/02/2017 12:10:11 (Info) 	Factory for 'Core/Button' appears to be  already registered, skipping.
05/02/2017 12:10:11 (Info) 	Factory for 'Core/Default' appears to be  already registered, skipping.
05/02/2017 12:10:11 (Info) 	Factory for 'Core/Editbox' appears to be  already registered, skipping.
05/02/2017 12:10:11 (Info) 	Factory for 'Core/FrameWindow' appears to be  already registered, skipping.
05/02/2017 12:10:11 (Info) 	Factory for 'Core/ItemEntry' appears to be  already registered, skipping.
05/02/2017 12:10:11 (Info) 	Factory for 'Core/ListHeader' appears to be  already registered, skipping.
05/02/2017 12:10:11 (Info) 	Factory for 'Core/ListHeaderSegment' appears to be  already registered, skipping.
05/02/2017 12:10:11 (Info) 	Factory for 'Core/Listbox' appears to be  already registered, skipping.
05/02/2017 12:10:11 (Info) 	Factory for 'Core/Menubar' appears to be  already registered, skipping.
05/02/2017 12:10:11 (Info) 	Factory for 'Core/MenuItem' appears to be  already registered, skipping.
05/02/2017 12:10:11 (Info) 	Factory for 'Core/MultiColumnList' appears to be  already registered, skipping.
05/02/2017 12:10:11 (Info) 	Factory for 'Core/MultiLineEditbox' appears to be  already registered, skipping.
05/02/2017 12:10:11 (Info) 	Factory for 'Core/PopupMenu' appears to be  already registered, skipping.
05/02/2017 12:10:11 (Info) 	Factory for 'Core/ProgressBar' appears to be  already registered, skipping.
05/02/2017 12:10:11 (Info) 	Factory for 'Core/ScrollablePane' appears to be  already registered, skipping.
05/02/2017 12:10:11 (Info) 	Factory for 'Core/Scrollbar' appears to be  already registered, skipping.
05/02/2017 12:10:11 (Info) 	Factory for 'Core/Slider' appears to be  already registered, skipping.
05/02/2017 12:10:11 (Info) 	Factory for 'Core/Static' appears to be  already registered, skipping.
05/02/2017 12:10:11 (Info) 	Factory for 'Core/StaticImage' appears to be  already registered, skipping.
05/02/2017 12:10:11 (Info) 	Factory for 'Core/StaticText' appears to be  already registered, skipping.
05/02/2017 12:10:11 (Info) 	Factory for 'Core/TabButton' appears to be  already registered, skipping.
05/02/2017 12:10:11 (Info) 	Factory for 'Core/TabControl' appears to be  already registered, skipping.
05/02/2017 12:10:11 (Info) 	Factory for 'Core/Titlebar' appears to be  already registered, skipping.
05/02/2017 12:10:11 (Info) 	Factory for 'Core/ToggleButton' appears to be  already registered, skipping.
05/02/2017 12:10:11 (Info) 	Factory for 'Core/Tooltip' appears to be  already registered, skipping.
05/02/2017 12:10:11 (Info) 	Factory for 'Core/ItemListbox' appears to be  already registered, skipping.
05/02/2017 12:10:11 (Info) 	Factory for 'Core/Tree' appears to be  already registered, skipping.
05/02/2017 12:10:11 (Std) 	Creating falagard mapping for type 'OgreTray/Label' using base type 'DefaultWindow', window renderer 'Core/Default' Look'N'Feel 'OgreTray/Label' and RenderEffect ''. (0x7fff5fbfcc40)
05/02/2017 12:10:11 (Std) 	Creating falagard mapping for type 'OgreTray/Button' using base type 'CEGUI/PushButton', window renderer 'Core/Button' Look'N'Feel 'OgreTray/PushButton' and RenderEffect ''. (0x7fff5fbfcc40)
05/02/2017 12:10:11 (Std) 	Creating falagard mapping for type 'OgreTray/Titlebar' using base type 'CEGUI/Titlebar', window renderer 'Core/Titlebar' Look'N'Feel 'OgreTray/Titlebar' and RenderEffect ''. (0x7fff5fbfcc40)
05/02/2017 12:10:11 (Std) 	Creating falagard mapping for type 'OgreTray/FrameWindow' using base type 'CEGUI/FrameWindow', window renderer 'Core/FrameWindow' Look'N'Feel 'OgreTray/FrameWindow' and RenderEffect ''. (0x7fff5fbfcc40)
05/02/2017 12:10:11 (Std) 	Creating falagard mapping for type 'OgreTray/Thumb' using base type 'CEGUI/Thumb', window renderer 'Core/Button' Look'N'Feel 'OgreTray/Thumb' and RenderEffect ''. (0x7fff5fbfcc40)
05/02/2017 12:10:11 (Std) 	Creating falagard mapping for type 'OgreTray/VerticalScrollbar' using base type 'CEGUI/Scrollbar', window renderer 'Core/Scrollbar' Look'N'Feel 'OgreTray/VerticalScrollbar' and RenderEffect ''. (0x7fff5fbfcc40)
05/02/2017 12:10:11 (Std) 	Creating falagard mapping for type 'OgreTray/HorizontalScrollbar' using base type 'CEGUI/Scrollbar', window renderer 'Core/Scrollbar' Look'N'Feel 'OgreTray/HorizontalScrollbar' and RenderEffect ''. (0x7fff5fbfcc40)
05/02/2017 12:10:11 (Std) 	Creating falagard mapping for type 'OgreTray/StaticText' using base type 'DefaultWindow', window renderer 'Core/StaticText' Look'N'Feel 'OgreTray/StaticText' and RenderEffect ''. (0x7fff5fbfcc40)
05/02/2017 12:10:11 (Std) 	Creating falagard mapping for type 'OgreTray/Title' using base type 'DefaultWindow', window renderer 'Core/Default' Look'N'Feel 'OgreTray/MiniTray' and RenderEffect ''. (0x7fff5fbfcc40)
05/02/2017 12:10:11 (Std) 	Creating falagard mapping for type 'OgreTray/CaptionedStaticText' using base type 'DefaultWindow', window renderer 'Core/StaticText' Look'N'Feel 'OgreTray/CaptionedStaticText' and RenderEffect ''. (0x7fff5fbfcc40)
05/02/2017 12:10:11 (Std) 	Creating falagard mapping for type 'OgreTray/ProgressBar' using base type 'CEGUI/ProgressBar', window renderer 'Core/ProgressBar' Look'N'Feel 'OgreTray/ProgressBar' and RenderEffect ''. (0x7fff5fbfcc40)
05/02/2017 12:10:11 (Std) 	Creating falagard mapping for type 'OgreTray/Editbox' using base type 'CEGUI/Editbox', window renderer 'Core/Editbox' Look'N'Feel 'OgreTray/Editbox' and RenderEffect ''. (0x7fff5fbfcc40)
05/02/2017 12:10:11 (Std) 	Creating falagard mapping for type 'OgreTray/MultiLineEditbox' using base type 'CEGUI/MultiLineEditbox', window renderer 'Core/MultiLineEditbox' Look'N'Feel 'OgreTray/MultiLineEditbox' and RenderEffect ''. (0x7fff5fbfcc40)
05/02/2017 12:10:11 (Std) 	Creating falagard mapping for type 'OgreTray/Listbox' using base type 'CEGUI/Listbox', window renderer 'Core/Listbox' Look'N'Feel 'OgreTray/Listbox' and RenderEffect ''. (0x7fff5fbfcc40)
05/02/2017 12:10:11 (Std) 	Creating falagard mapping for type 'OgreTray/ComboDropList' using base type 'CEGUI/ComboDropList', window renderer 'Core/Listbox' Look'N'Feel 'OgreTray/Listbox' and RenderEffect ''. (0x7fff5fbfcc40)
05/02/2017 12:10:11 (Std) 	Creating falagard mapping for type 'OgreTray/Combobox' using base type 'CEGUI/Combobox', window renderer 'Core/Default' Look'N'Feel 'OgreTray/Combobox' and RenderEffect ''. (0x7fff5fbfcc40)
05/02/2017 12:10:11 (Std) 	Creating falagard mapping for type 'OgreTray/DropDownMenu' using base type 'CEGUI/Combobox', window renderer 'Core/Default' Look'N'Feel 'OgreTray/DropDownMenu' and RenderEffect ''. (0x7fff5fbfcc40)
05/02/2017 12:10:11 (Std) 	Creating falagard mapping for type 'OgreTray/Group' using base type 'DefaultWindow', window renderer 'Core/Default' Look'N'Feel 'OgreTray/Group' and RenderEffect ''. (0x7fff5fbfcc40)
05/02/2017 12:10:11 (Std) 	Creating falagard mapping for type 'OgreTray/Checkbox' using base type 'CEGUI/ToggleButton', window renderer 'Core/ToggleButton' Look'N'Feel 'OgreTray/Checkbox' and RenderEffect ''. (0x7fff5fbfcc40)
05/02/2017 12:10:11 (Std) 	Creating falagard mapping for type 'OgreTray/RadioButton' using base type 'CEGUI/RadioButton', window renderer 'Core/ToggleButton' Look'N'Feel 'OgreTray/RadioButton' and RenderEffect ''. (0x7fff5fbfcc40)
05/02/2017 12:10:11 (Std) 	Creating falagard mapping for type 'OgreTray/Slider' using base type 'CEGUI/Slider', window renderer 'Core/Slider' Look'N'Feel 'OgreTray/Slider' and RenderEffect ''. (0x7fff5fbfcc40)
05/02/2017 12:10:11 (Std) 	Creating falagard mapping for type 'OgreTray/StaticImage' using base type 'DefaultWindow', window renderer 'Core/StaticImage' Look'N'Feel 'OgreTray/StaticImage' and RenderEffect ''. (0x7fff5fbfcc40)
05/02/2017 12:10:11 (Std) 	Creating falagard mapping for type 'OgreTray/AltStaticImage' using base type 'DefaultWindow', window renderer 'Core/Default' Look'N'Feel 'OgreTray/AltStaticImage' and RenderEffect ''. (0x7fff5fbfcc40)
05/02/2017 12:10:11 (Std) 	Creating falagard mapping for type 'OgreTray/Tooltip' using base type 'CEGUI/Tooltip', window renderer 'Core/Tooltip' Look'N'Feel 'OgreTray/Tooltip' and RenderEffect ''. (0x7fff5fbfcc40)
05/02/2017 12:10:11 (Std) 	Creating falagard mapping for type 'OgreTray/ItemListbox' using base type 'CEGUI/ItemListbox', window renderer 'Core/ItemListbox' Look'N'Feel 'OgreTray/ItemListbox' and RenderEffect ''. (0x7fff5fbfcc40)
05/02/2017 12:10:11 (Std) 	Creating falagard mapping for type 'OgreTray/ListboxItem' using base type 'CEGUI/ItemEntry', window renderer 'Core/ItemEntry' Look'N'Feel 'OgreTray/ListboxItem' and RenderEffect ''. (0x7fff5fbfcc40)
05/02/2017 12:10:11 (Std) 	Creating falagard mapping for type 'OgreTray/Spinner' using base type 'CEGUI/Spinner', window renderer 'Core/Default' Look'N'Feel 'OgreTray/Spinner' and RenderEffect ''. (0x7fff5fbfcc40)
05/02/2017 12:10:11 (Std) 	Creating falagard mapping for type 'OgreTray/ScrollablePane' using base type 'CEGUI/ScrollablePane', window renderer 'Core/ScrollablePane' Look'N'Feel 'OgreTray/ScrollablePane' and RenderEffect ''. (0x7fff5fbfcc40)
05/02/2017 12:10:11 (Std) 	Creating falagard mapping for type 'OgreTray/ListHeaderSegment' using base type 'CEGUI/ListHeaderSegment', window renderer 'Core/ListHeaderSegment' Look'N'Feel 'OgreTray/ListHeaderSegment' and RenderEffect ''. (0x7fff5fbfcc40)
05/02/2017 12:10:11 (Std) 	Creating falagard mapping for type 'OgreTray/ListHeader' using base type 'CEGUI/ListHeader', window renderer 'Core/ListHeader' Look'N'Feel 'OgreTray/ListHeader' and RenderEffect ''. (0x7fff5fbfcc40)
05/02/2017 12:10:11 (Std) 	Creating falagard mapping for type 'OgreTray/MultiColumnList' using base type 'CEGUI/MultiColumnList', window renderer 'Core/MultiColumnList' Look'N'Feel 'OgreTray/MultiColumnList' and RenderEffect ''. (0x7fff5fbfcc40)
05/02/2017 12:10:11 (Std) 	Creating falagard mapping for type 'OgreTray/MenuItem' using base type 'CEGUI/MenuItem', window renderer 'Core/MenuItem' Look'N'Feel 'OgreTray/MenuItem' and RenderEffect ''. (0x7fff5fbfcc40)
05/02/2017 12:10:11 (Std) 	Creating falagard mapping for type 'OgreTray/Menubar' using base type 'CEGUI/Menubar', window renderer 'Core/Menubar' Look'N'Feel 'OgreTray/Menubar' and RenderEffect ''. (0x7fff5fbfcc40)
05/02/2017 12:10:11 (Std) 	Creating falagard mapping for type 'OgreTray/PopupMenu' using base type 'CEGUI/PopupMenu', window renderer 'Core/PopupMenu' Look'N'Feel 'OgreTray/PopupMenu' and RenderEffect ''. (0x7fff5fbfcc40)
05/02/2017 12:10:11 (Std) 	Creating falagard mapping for type 'OgreTray/TabButton' using base type 'CEGUI/TabButton', window renderer 'Core/TabButton' Look'N'Feel 'OgreTray/TabButton' and RenderEffect ''. (0x7fff5fbfcc40)
05/02/2017 12:10:11 (Std) 	Creating falagard mapping for type 'OgreTray/TabButtonPane' using base type 'DefaultWindow', window renderer 'Core/Default' Look'N'Feel 'OgreTray/TabButtonPane' and RenderEffect ''. (0x7fff5fbfcc40)
05/02/2017 12:10:11 (Std) 	Creating falagard mapping for type 'OgreTray/TabContentPane' using base type 'DefaultWindow', window renderer 'Core/Default' Look'N'Feel 'OgreTray/TabContentPane' and RenderEffect ''. (0x7fff5fbfcc40)
05/02/2017 12:10:11 (Std) 	Creating falagard mapping for type 'OgreTray/TabControl' using base type 'CEGUI/TabControl', window renderer 'Core/TabControl' Look'N'Feel 'OgreTray/TabControl' and RenderEffect ''. (0x7fff5fbfcc40)
05/02/2017 12:10:11 (Std) 	Creating falagard mapping for type 'OgreTray/BG' using base type 'DefaultWindow', window renderer 'Core/Default' Look'N'Feel 'OgreTray/BGTest' and RenderEffect ''. (0x7fff5fbfcc40)
05/02/2017 12:10:11 (Info) 	---- Resource loading for GUI scheme 'OgreTray' completed ----
05/02/2017 12:10:11 (Info) 	---- Beginning loading of GUI layout from 'MenuPrincipal.layout' ----
05/02/2017 12:10:11 (Info) 	Window 'DefaultWindow' of type 'DefaultWindow' has been created. (0x10250e000)
05/02/2017 12:10:11 (Info) 	Window 'background' of type 'Generic/Image' has been created. (0x102526e00)
05/02/2017 12:10:11 (Info) 	Assigning the window renderer 'Core/Default' to the window 'background'
05/02/2017 12:10:11 (Info) 	Assigning LookNFeel 'Generic/Image' to window 'background'.
05/02/2017 12:10:11 (Info) 	Window 'contenedor' of type 'Generic/Image' has been created. (0x102527600)
05/02/2017 12:10:11 (Info) 	Assigning the window renderer 'Core/Default' to the window 'contenedor'
05/02/2017 12:10:11 (Info) 	Assigning LookNFeel 'Generic/Image' to window 'contenedor'.
05/02/2017 12:10:11 (Info) 	Window 'button_nueva' of type 'OgreTray/Button' has been created. (0x102527e00)
05/02/2017 12:10:11 (Info) 	Assigning the window renderer 'Core/Button' to the window 'button_nueva'
05/02/2017 12:10:11 (Info) 	Assigning LookNFeel 'OgreTray/PushButton' to window 'button_nueva'.
05/02/2017 12:10:11 (Info) 	Window 'button_cargar' of type 'OgreTray/Button' has been created. (0x102525200)
05/02/2017 12:10:11 (Info) 	Assigning the window renderer 'Core/Button' to the window 'button_cargar'
05/02/2017 12:10:11 (Info) 	Assigning LookNFeel 'OgreTray/PushButton' to window 'button_cargar'.
05/02/2017 12:10:11 (Info) 	Window 'button_opciones' of type 'OgreTray/Button' has been created. (0x102525a00)
05/02/2017 12:10:11 (Info) 	Assigning the window renderer 'Core/Button' to the window 'button_opciones'
05/02/2017 12:10:11 (Info) 	Assigning LookNFeel 'OgreTray/PushButton' to window 'button_opciones'.
05/02/2017 12:10:11 (Info) 	Window 'button_creditos' of type 'OgreTray/Button' has been created. (0x102529a00)
05/02/2017 12:10:11 (Info) 	Assigning the window renderer 'Core/Button' to the window 'button_creditos'
05/02/2017 12:10:11 (Info) 	Assigning LookNFeel 'OgreTray/PushButton' to window 'button_creditos'.
05/02/2017 12:10:11 (Info) 	Window 'button_salir' of type 'OgreTray/Button' has been created. (0x102528600)
05/02/2017 12:10:11 (Info) 	Assigning the window renderer 'Core/Button' to the window 'button_salir'
05/02/2017 12:10:11 (Info) 	Assigning LookNFeel 'OgreTray/PushButton' to window 'button_salir'.
05/02/2017 12:10:11 (Info) 	Window 'titulo' of type 'OgreTray/Label' has been created. (0x10252a200)
05/02/2017 12:10:11 (Info) 	Assigning the window renderer 'Core/Default' to the window 'titulo'
05/02/2017 12:10:11 (Info) 	Assigning LookNFeel 'OgreTray/Label' to window 'titulo'.
05/02/2017 12:10:11 (Std) 	---- Successfully completed loading of GUI layout from 'MenuPrincipal.layout' ----
05/02/2017 12:10:12 (Std) 	[IrrlichtRenderer] Created texture: DejaVuSans-12_auto_glyph_images_32
