28/03/2017 15:10:34 (Std) 	+-+-+-+-+-+-+-+-+-+-+-+-+-+-+-+-+-+-+-+-+-+-+-+-+-+-+-+-+-+-+-+-+-+-+-+-+-+-+-+
28/03/2017 15:10:34 (Std) 	+                     Crazy Eddie's GUI System - Event log                    +
28/03/2017 15:10:34 (Std) 	+                          (http://www.cegui.org.uk/)                         +
28/03/2017 15:10:34 (Std) 	+-+-+-+-+-+-+-+-+-+-+-+-+-+-+-+-+-+-+-+-+-+-+-+-+-+-+-+-+-+-+-+-+-+-+-+-+-+-+-+

28/03/2017 15:10:34 (Std) 	CEGUI::Logger singleton created. (0x1015151f0)
28/03/2017 15:10:34 (Std) 	
28/03/2017 15:10:34 (Std) 	********************************************************************************
28/03/2017 15:10:34 (Std) 	* Important:                                                                   *
28/03/2017 15:10:34 (Std) 	*     To get support at the CEGUI forums, you must post _at least_ the section *
28/03/2017 15:10:34 (Std) 	*     of this log file indicated below.  Failure to do this will result in no  *
28/03/2017 15:10:34 (Std) 	*     support being given; please do not waste our time.                       *
28/03/2017 15:10:34 (Std) 	********************************************************************************
28/03/2017 15:10:34 (Std) 	********************************************************************************
28/03/2017 15:10:34 (Std) 	* -------- START OF ESSENTIAL SECTION TO BE POSTED ON THE FORUM       -------- *
28/03/2017 15:10:34 (Std) 	********************************************************************************
28/03/2017 15:10:34 (Std) 	---- Version: 0.8.7 (Build: Feb  1 2017 Debug Apple Mac g++ 4.2.1 Compatible Apple LLVM 8.0.0 (clang-800.0.42.1) 64 bit) ----
28/03/2017 15:10:34 (Std) 	---- Renderer module is: CEGUI::IrrlichtRenderer - Official Irrlicht based 2nd generation renderer module.  RenderTarget support is enabled. ----
28/03/2017 15:10:34 (Std) 	---- XML Parser module is: CEGUI::ExpatParser - Official expat based parser module for CEGUI ----
28/03/2017 15:10:34 (Std) 	---- Image Codec module is: IrrlichtImageCodec - Integrated ImageCodec using the Irrlicht engine. ----
28/03/2017 15:10:34 (Std) 	---- Scripting module is: None ----
28/03/2017 15:10:34 (Std) 	********************************************************************************
28/03/2017 15:10:34 (Std) 	* -------- END OF ESSENTIAL SECTION TO BE POSTED ON THE FORUM         -------- *
28/03/2017 15:10:34 (Std) 	********************************************************************************
28/03/2017 15:10:34 (Std) 	
28/03/2017 15:10:34 (Std) 	---- Begining CEGUI System initialisation ----
28/03/2017 15:10:34 (Std) 	[CEGUI::ImageManager] Singleton created (0x618000081f90)
28/03/2017 15:10:34 (Std) 	[CEGUI::ImageManager] Registered Image type: BasicImage
28/03/2017 15:10:34 (Std) 	CEGUI::FontManager singleton created. (0x6180001c0a50)
28/03/2017 15:10:34 (Std) 	CEGUI::WindowFactoryManager singleton created
28/03/2017 15:10:34 (Std) 	CEGUI::WindowManager singleton created (0x6180000c2760)
28/03/2017 15:10:34 (Std) 	CEGUI::SchemeManager singleton created. (0x6180001e0b00)
28/03/2017 15:10:34 (Std) 	CEGUI::GlobalEventSet singleton created. (0x618000046b40)
28/03/2017 15:10:34 (Std) 	CEGUI::AnimationManager singleton created (0x6180000c27d0)
28/03/2017 15:10:34 (Std) 	CEGUI::WidgetLookManager singleton created. (0x618000022e80)
28/03/2017 15:10:34 (Std) 	CEGUI::WindowRendererManager singleton created (0x618000022e60)
28/03/2017 15:10:34 (Std) 	CEGUI::RenderEffectManager singleton created (0x618000046b70)
28/03/2017 15:10:34 (Std) 	Created WindowFactory for 'DefaultWindow' windows.
28/03/2017 15:10:34 (Std) 	WindowFactory for 'DefaultWindow' windows added. (0x618000162280)
28/03/2017 15:10:34 (Std) 	Created WindowFactory for 'DragContainer' windows.
28/03/2017 15:10:34 (Std) 	WindowFactory for 'DragContainer' windows added. (0x618000162340)
28/03/2017 15:10:34 (Std) 	Created WindowFactory for 'ScrolledContainer' windows.
28/03/2017 15:10:34 (Std) 	WindowFactory for 'ScrolledContainer' windows added. (0x618000162400)
28/03/2017 15:10:34 (Std) 	Created WindowFactory for 'ClippedContainer' windows.
28/03/2017 15:10:34 (Std) 	WindowFactory for 'ClippedContainer' windows added. (0x6180001624c0)
28/03/2017 15:10:34 (Std) 	Created WindowFactory for 'CEGUI/PushButton' windows.
28/03/2017 15:10:34 (Std) 	WindowFactory for 'CEGUI/PushButton' windows added. (0x618000162580)
28/03/2017 15:10:34 (Std) 	Created WindowFactory for 'CEGUI/RadioButton' windows.
28/03/2017 15:10:34 (Std) 	WindowFactory for 'CEGUI/RadioButton' windows added. (0x618000162640)
28/03/2017 15:10:34 (Std) 	Created WindowFactory for 'CEGUI/Combobox' windows.
28/03/2017 15:10:34 (Std) 	WindowFactory for 'CEGUI/Combobox' windows added. (0x618000162700)
28/03/2017 15:10:34 (Std) 	Created WindowFactory for 'CEGUI/ComboDropList' windows.
28/03/2017 15:10:34 (Std) 	WindowFactory for 'CEGUI/ComboDropList' windows added. (0x6180001627c0)
28/03/2017 15:10:34 (Std) 	Created WindowFactory for 'CEGUI/Editbox' windows.
28/03/2017 15:10:34 (Std) 	WindowFactory for 'CEGUI/Editbox' windows added. (0x618000162880)
28/03/2017 15:10:34 (Std) 	Created WindowFactory for 'CEGUI/FrameWindow' windows.
28/03/2017 15:10:34 (Std) 	WindowFactory for 'CEGUI/FrameWindow' windows added. (0x618000162940)
28/03/2017 15:10:34 (Std) 	Created WindowFactory for 'CEGUI/ItemEntry' windows.
28/03/2017 15:10:34 (Std) 	WindowFactory for 'CEGUI/ItemEntry' windows added. (0x618000162a00)
28/03/2017 15:10:34 (Std) 	Created WindowFactory for 'CEGUI/Listbox' windows.
28/03/2017 15:10:34 (Std) 	WindowFactory for 'CEGUI/Listbox' windows added. (0x618000162ac0)
28/03/2017 15:10:34 (Std) 	Created WindowFactory for 'CEGUI/ListHeader' windows.
28/03/2017 15:10:34 (Std) 	WindowFactory for 'CEGUI/ListHeader' windows added. (0x618000162b80)
28/03/2017 15:10:34 (Std) 	Created WindowFactory for 'CEGUI/ListHeaderSegment' windows.
28/03/2017 15:10:34 (Std) 	WindowFactory for 'CEGUI/ListHeaderSegment' windows added. (0x618000162c40)
28/03/2017 15:10:34 (Std) 	Created WindowFactory for 'CEGUI/Menubar' windows.
28/03/2017 15:10:34 (Std) 	WindowFactory for 'CEGUI/Menubar' windows added. (0x618000162d00)
28/03/2017 15:10:34 (Std) 	Created WindowFactory for 'CEGUI/PopupMenu' windows.
28/03/2017 15:10:34 (Std) 	WindowFactory for 'CEGUI/PopupMenu' windows added. (0x618000162dc0)
28/03/2017 15:10:34 (Std) 	Created WindowFactory for 'CEGUI/MenuItem' windows.
28/03/2017 15:10:34 (Std) 	WindowFactory for 'CEGUI/MenuItem' windows added. (0x618000162e80)
28/03/2017 15:10:34 (Std) 	Created WindowFactory for 'CEGUI/MultiColumnList' windows.
28/03/2017 15:10:34 (Std) 	WindowFactory for 'CEGUI/MultiColumnList' windows added. (0x618000162f40)
28/03/2017 15:10:34 (Std) 	Created WindowFactory for 'CEGUI/MultiLineEditbox' windows.
28/03/2017 15:10:34 (Std) 	WindowFactory for 'CEGUI/MultiLineEditbox' windows added. (0x618000163000)
28/03/2017 15:10:34 (Std) 	Created WindowFactory for 'CEGUI/ProgressBar' windows.
28/03/2017 15:10:34 (Std) 	WindowFactory for 'CEGUI/ProgressBar' windows added. (0x6180001630c0)
28/03/2017 15:10:34 (Std) 	Created WindowFactory for 'CEGUI/ScrollablePane' windows.
28/03/2017 15:10:34 (Std) 	WindowFactory for 'CEGUI/ScrollablePane' windows added. (0x618000163180)
28/03/2017 15:10:34 (Std) 	Created WindowFactory for 'CEGUI/Scrollbar' windows.
28/03/2017 15:10:34 (Std) 	WindowFactory for 'CEGUI/Scrollbar' windows added. (0x618000163240)
28/03/2017 15:10:34 (Std) 	Created WindowFactory for 'CEGUI/Slider' windows.
28/03/2017 15:10:34 (Std) 	WindowFactory for 'CEGUI/Slider' windows added. (0x618000163300)
28/03/2017 15:10:34 (Std) 	Created WindowFactory for 'CEGUI/Spinner' windows.
28/03/2017 15:10:34 (Std) 	WindowFactory for 'CEGUI/Spinner' windows added. (0x6180001633c0)
28/03/2017 15:10:34 (Std) 	Created WindowFactory for 'CEGUI/TabButton' windows.
28/03/2017 15:10:34 (Std) 	WindowFactory for 'CEGUI/TabButton' windows added. (0x618000163480)
28/03/2017 15:10:34 (Std) 	Created WindowFactory for 'CEGUI/TabControl' windows.
28/03/2017 15:10:34 (Std) 	WindowFactory for 'CEGUI/TabControl' windows added. (0x618000163540)
28/03/2017 15:10:34 (Std) 	Created WindowFactory for 'CEGUI/Thumb' windows.
28/03/2017 15:10:34 (Std) 	WindowFactory for 'CEGUI/Thumb' windows added. (0x618000163600)
28/03/2017 15:10:34 (Std) 	Created WindowFactory for 'CEGUI/Titlebar' windows.
28/03/2017 15:10:34 (Std) 	WindowFactory for 'CEGUI/Titlebar' windows added. (0x6180001636c0)
28/03/2017 15:10:34 (Std) 	Created WindowFactory for 'CEGUI/ToggleButton' windows.
28/03/2017 15:10:34 (Std) 	WindowFactory for 'CEGUI/ToggleButton' windows added. (0x618000163780)
28/03/2017 15:10:34 (Std) 	Created WindowFactory for 'CEGUI/Tooltip' windows.
28/03/2017 15:10:34 (Std) 	WindowFactory for 'CEGUI/Tooltip' windows added. (0x618000163840)
28/03/2017 15:10:34 (Std) 	Created WindowFactory for 'CEGUI/ItemListbox' windows.
28/03/2017 15:10:34 (Std) 	WindowFactory for 'CEGUI/ItemListbox' windows added. (0x618000163900)
28/03/2017 15:10:34 (Std) 	Created WindowFactory for 'CEGUI/GroupBox' windows.
28/03/2017 15:10:34 (Std) 	WindowFactory for 'CEGUI/GroupBox' windows added. (0x6180001639c0)
28/03/2017 15:10:34 (Std) 	Created WindowFactory for 'CEGUI/Tree' windows.
28/03/2017 15:10:34 (Std) 	WindowFactory for 'CEGUI/Tree' windows added. (0x618000163a80)
28/03/2017 15:10:34 (Std) 	Created WindowFactory for 'LayoutCell' windows.
28/03/2017 15:10:34 (Std) 	WindowFactory for 'LayoutCell' windows added. (0x618000163b40)
28/03/2017 15:10:34 (Std) 	Created WindowFactory for 'HorizontalLayoutContainer' windows.
28/03/2017 15:10:34 (Std) 	WindowFactory for 'HorizontalLayoutContainer' windows added. (0x618000163c00)
28/03/2017 15:10:34 (Std) 	Created WindowFactory for 'VerticalLayoutContainer' windows.
28/03/2017 15:10:34 (Std) 	WindowFactory for 'VerticalLayoutContainer' windows added. (0x618000163cc0)
28/03/2017 15:10:34 (Std) 	Created WindowFactory for 'GridLayoutContainer' windows.
28/03/2017 15:10:34 (Std) 	WindowFactory for 'GridLayoutContainer' windows added. (0x618000163d80)
28/03/2017 15:10:34 (Std) 	CEGUI::System singleton created. (0x101514b20)
28/03/2017 15:10:34 (Std) 	---- CEGUI System initialisation completed ----
28/03/2017 15:10:34 (Std) 	
28/03/2017 15:10:34 (Info) 	Window 'root' of type 'DefaultWindow' has been created. (0x10181f000)
28/03/2017 15:10:34 (Error)	CEGUI::InvalidRequestException in function 'virtual void CEGUI::IrrlichtResourceProvider::loadRawDataContainer(const CEGUI::String &, CEGUI::RawDataContainer &, const CEGUI::String &)' (/Users/tonire/Desktop/cegui-0.8.7/cegui/src/RendererModules/Irrlicht/ResourceProvider.cpp:65) : Filename supplied for loading must be valid [3d/GUI/schemes/Generic.scheme]
28/03/2017 15:10:34 (Error)	========== Start of Backtrace ==========
28/03/2017 15:10:34 (Error)	#0 CEGUI::dumpBacktrace(unsigned long) +0x51 (/usr/local/lib/libCEGUIBase-0_d.dylib)
28/03/2017 15:10:34 (Error)	#1 CEGUI::Exception::Exception(CEGUI::String const&, CEGUI::String const&, CEGUI::String const&, int, CEGUI::String const&) +0x2ff (/usr/local/lib/libCEGUIBase-0_d.dylib)
28/03/2017 15:10:34 (Error)	#2 CEGUI::InvalidRequestException::InvalidRequestException(CEGUI::String const&, CEGUI::String const&, int, CEGUI::String const&) +0x88 (/usr/local/lib/libCEGUIIrrlichtRenderer-0_d.dylib)
28/03/2017 15:10:34 (Error)	#3 CEGUI::InvalidRequestException::InvalidRequestException(CEGUI::String const&, CEGUI::String const&, int, CEGUI::String const&) +0x33 (/usr/local/lib/libCEGUIIrrlichtRenderer-0_d.dylib)
28/03/2017 15:10:34 (Error)	#4 CEGUI::IrrlichtResourceProvider::loadRawDataContainer(CEGUI::String const&, CEGUI::RawDataContainer&, CEGUI::String const&) +0x207 (/usr/local/lib/libCEGUIIrrlichtRenderer-0_d.dylib)
28/03/2017 15:10:34 (Error)	#5 CEGUI::XMLParser::parseXMLFile(CEGUI::XMLHandler&, CEGUI::String const&, CEGUI::String const&, CEGUI::String const&) +0x187 (/usr/local/lib/libCEGUIBase-0_d.dylib)
28/03/2017 15:10:34 (Error)	#6 CEGUI::XMLHandler::handleFile(CEGUI::String const&, CEGUI::String const&) +0x9f (/usr/local/lib/libCEGUIBase-0_d.dylib)
28/03/2017 15:10:34 (Error)	#7 CEGUI::NamedXMLResourceManager<CEGUI::Scheme, CEGUI::Scheme_xmlHandler>::createFromFile(CEGUI::String const&, CEGUI::String const&, CEGUI::XMLResourceExistsAction) +0x3a (/Users/gasparrodriguezvalero/GitHub/Vesper/Desarrollo/ Vesper Nueva Arquitectura/Release/vesper.app/Contents/MacOS/vesper)
28/03/2017 15:10:34 (Error)	#8 Motor::GUI::loadScheme(std::__1::basic_string<char, std::__1::char_traits<char>, std::__1::allocator<char> > const&) +0xe3 (/Users/gasparrodriguezvalero/GitHub/Vesper/Desarrollo/ Vesper Nueva Arquitectura/Release/vesper.app/Contents/MacOS/vesper)
28/03/2017 15:10:34 (Error)	#9 MenuPrincipalLayout::inicializar() +0x9c (/Users/gasparrodriguezvalero/GitHub/Vesper/Desarrollo/ Vesper Nueva Arquitectura/Release/vesper.app/Contents/MacOS/vesper)
28/03/2017 15:10:34 (Error)	#10 MenuPrincipalLayout::MenuPrincipalLayout() +0x3c (/Users/gasparrodriguezvalero/GitHub/Vesper/Desarrollo/ Vesper Nueva Arquitectura/Release/vesper.app/Contents/MacOS/vesper)
28/03/2017 15:10:34 (Error)	#11 LayoutGUI::LayoutGUI() +0x3e (/Users/gasparrodriguezvalero/GitHub/Vesper/Desarrollo/ Vesper Nueva Arquitectura/Release/vesper.app/Contents/MacOS/vesper)
28/03/2017 15:10:34 (Error)	#12 Game::start(unsigned int, unsigned int, unsigned int, bool, bool, bool, bool) +0x59 (/Users/gasparrodriguezvalero/GitHub/Vesper/Desarrollo/ Vesper Nueva Arquitectura/Release/vesper.app/Contents/MacOS/vesper)
28/03/2017 15:10:34 (Error)	#13 main +0x48 (/Users/gasparrodriguezvalero/GitHub/Vesper/Desarrollo/ Vesper Nueva Arquitectura/Release/vesper.app/Contents/MacOS/vesper)
28/03/2017 15:10:34 (Error)	#14 start +0x1 (/usr/lib/system/libdyld.dylib)
28/03/2017 15:10:34 (Error)	==========  End of Backtrace  ==========
