01/04/2017 19:36:34 (Std) 	+-+-+-+-+-+-+-+-+-+-+-+-+-+-+-+-+-+-+-+-+-+-+-+-+-+-+-+-+-+-+-+-+-+-+-+-+-+-+-+
01/04/2017 19:36:34 (Std) 	+                     Crazy Eddie's GUI System - Event log                    +
01/04/2017 19:36:34 (Std) 	+                          (http://www.cegui.org.uk/)                         +
01/04/2017 19:36:34 (Std) 	+-+-+-+-+-+-+-+-+-+-+-+-+-+-+-+-+-+-+-+-+-+-+-+-+-+-+-+-+-+-+-+-+-+-+-+-+-+-+-+

01/04/2017 19:36:34 (Std) 	CEGUI::Logger singleton created. (0x105803170)
01/04/2017 19:36:34 (Std) 	
01/04/2017 19:36:34 (Std) 	********************************************************************************
01/04/2017 19:36:34 (Std) 	* Important:                                                                   *
01/04/2017 19:36:34 (Std) 	*     To get support at the CEGUI forums, you must post _at least_ the section *
01/04/2017 19:36:34 (Std) 	*     of this log file indicated below.  Failure to do this will result in no  *
01/04/2017 19:36:34 (Std) 	*     support being given; please do not waste our time.                       *
01/04/2017 19:36:34 (Std) 	********************************************************************************
01/04/2017 19:36:34 (Std) 	********************************************************************************
01/04/2017 19:36:34 (Std) 	* -------- START OF ESSENTIAL SECTION TO BE POSTED ON THE FORUM       -------- *
01/04/2017 19:36:34 (Std) 	********************************************************************************
01/04/2017 19:36:34 (Std) 	---- Version: 0.8.7 (Build: Feb  1 2017 Debug Apple Mac g++ 4.2.1 Compatible Apple LLVM 8.0.0 (clang-800.0.42.1) 64 bit) ----
01/04/2017 19:36:34 (Std) 	---- Renderer module is: CEGUI::OpenGL3Renderer - Official OpenGL 3.2 core based renderer module.  TextureTarget support enabled via FBO OGL 3.2 core implementation. ----
01/04/2017 19:36:34 (Std) 	---- XML Parser module is: CEGUI::ExpatParser - Official expat based parser module for CEGUI ----
01/04/2017 19:36:34 (Std) 	---- Image Codec module is: SILLYImageCodec - Official SILLY based image codec ----
01/04/2017 19:36:34 (Std) 	---- Scripting module is: None ----
01/04/2017 19:36:34 (Std) 	********************************************************************************
01/04/2017 19:36:34 (Std) 	* -------- END OF ESSENTIAL SECTION TO BE POSTED ON THE FORUM         -------- *
01/04/2017 19:36:34 (Std) 	********************************************************************************
01/04/2017 19:36:34 (Std) 	
01/04/2017 19:36:34 (Std) 	---- Begining CEGUI System initialisation ----
01/04/2017 19:36:34 (Std) 	[CEGUI::ImageManager] Singleton created (0x6100000800f0)
01/04/2017 19:36:34 (Std) 	[CEGUI::ImageManager] Registered Image type: BasicImage
01/04/2017 19:36:34 (Std) 	CEGUI::FontManager singleton created. (0x6100001c0000)
01/04/2017 19:36:34 (Std) 	CEGUI::WindowFactoryManager singleton created
01/04/2017 19:36:34 (Std) 	CEGUI::WindowManager singleton created (0x6100000c1880)
01/04/2017 19:36:34 (Std) 	CEGUI::SchemeManager singleton created. (0x6100001e0000)
01/04/2017 19:36:34 (Std) 	CEGUI::GlobalEventSet singleton created. (0x610000041560)
01/04/2017 19:36:34 (Std) 	CEGUI::AnimationManager singleton created (0x6100000c17a0)
01/04/2017 19:36:34 (Std) 	CEGUI::WidgetLookManager singleton created. (0x610000021a00)
01/04/2017 19:36:34 (Std) 	CEGUI::WindowRendererManager singleton created (0x610000021100)
01/04/2017 19:36:34 (Std) 	CEGUI::RenderEffectManager singleton created (0x610000040810)
01/04/2017 19:36:34 (Std) 	Created WindowFactory for 'DefaultWindow' windows.
01/04/2017 19:36:34 (Std) 	WindowFactory for 'DefaultWindow' windows added. (0x6180001609c0)
01/04/2017 19:36:34 (Std) 	Created WindowFactory for 'DragContainer' windows.
01/04/2017 19:36:34 (Std) 	WindowFactory for 'DragContainer' windows added. (0x618000160780)
01/04/2017 19:36:34 (Std) 	Created WindowFactory for 'ScrolledContainer' windows.
01/04/2017 19:36:34 (Std) 	WindowFactory for 'ScrolledContainer' windows added. (0x618000160900)
01/04/2017 19:36:34 (Std) 	Created WindowFactory for 'ClippedContainer' windows.
01/04/2017 19:36:34 (Std) 	WindowFactory for 'ClippedContainer' windows added. (0x618000160840)
01/04/2017 19:36:34 (Std) 	Created WindowFactory for 'CEGUI/PushButton' windows.
01/04/2017 19:36:34 (Std) 	WindowFactory for 'CEGUI/PushButton' windows added. (0x618000160a80)
01/04/2017 19:36:34 (Std) 	Created WindowFactory for 'CEGUI/RadioButton' windows.
01/04/2017 19:36:34 (Std) 	WindowFactory for 'CEGUI/RadioButton' windows added. (0x618000160b40)
01/04/2017 19:36:34 (Std) 	Created WindowFactory for 'CEGUI/Combobox' windows.
01/04/2017 19:36:34 (Std) 	WindowFactory for 'CEGUI/Combobox' windows added. (0x618000160c00)
01/04/2017 19:36:34 (Std) 	Created WindowFactory for 'CEGUI/ComboDropList' windows.
01/04/2017 19:36:34 (Std) 	WindowFactory for 'CEGUI/ComboDropList' windows added. (0x618000160cc0)
01/04/2017 19:36:34 (Std) 	Created WindowFactory for 'CEGUI/Editbox' windows.
01/04/2017 19:36:34 (Std) 	WindowFactory for 'CEGUI/Editbox' windows added. (0x618000160d80)
01/04/2017 19:36:34 (Std) 	Created WindowFactory for 'CEGUI/FrameWindow' windows.
01/04/2017 19:36:34 (Std) 	WindowFactory for 'CEGUI/FrameWindow' windows added. (0x618000160e40)
01/04/2017 19:36:34 (Std) 	Created WindowFactory for 'CEGUI/ItemEntry' windows.
01/04/2017 19:36:34 (Std) 	WindowFactory for 'CEGUI/ItemEntry' windows added. (0x618000160f00)
01/04/2017 19:36:34 (Std) 	Created WindowFactory for 'CEGUI/Listbox' windows.
01/04/2017 19:36:34 (Std) 	WindowFactory for 'CEGUI/Listbox' windows added. (0x618000160fc0)
01/04/2017 19:36:34 (Std) 	Created WindowFactory for 'CEGUI/ListHeader' windows.
01/04/2017 19:36:34 (Std) 	WindowFactory for 'CEGUI/ListHeader' windows added. (0x618000161080)
01/04/2017 19:36:34 (Std) 	Created WindowFactory for 'CEGUI/ListHeaderSegment' windows.
01/04/2017 19:36:34 (Std) 	WindowFactory for 'CEGUI/ListHeaderSegment' windows added. (0x618000161140)
01/04/2017 19:36:34 (Std) 	Created WindowFactory for 'CEGUI/Menubar' windows.
01/04/2017 19:36:34 (Std) 	WindowFactory for 'CEGUI/Menubar' windows added. (0x618000161200)
01/04/2017 19:36:34 (Std) 	Created WindowFactory for 'CEGUI/PopupMenu' windows.
01/04/2017 19:36:34 (Std) 	WindowFactory for 'CEGUI/PopupMenu' windows added. (0x6180001612c0)
01/04/2017 19:36:34 (Std) 	Created WindowFactory for 'CEGUI/MenuItem' windows.
01/04/2017 19:36:34 (Std) 	WindowFactory for 'CEGUI/MenuItem' windows added. (0x618000161380)
01/04/2017 19:36:34 (Std) 	Created WindowFactory for 'CEGUI/MultiColumnList' windows.
01/04/2017 19:36:34 (Std) 	WindowFactory for 'CEGUI/MultiColumnList' windows added. (0x618000161440)
01/04/2017 19:36:34 (Std) 	Created WindowFactory for 'CEGUI/MultiLineEditbox' windows.
01/04/2017 19:36:34 (Std) 	WindowFactory for 'CEGUI/MultiLineEditbox' windows added. (0x618000161500)
01/04/2017 19:36:34 (Std) 	Created WindowFactory for 'CEGUI/ProgressBar' windows.
01/04/2017 19:36:34 (Std) 	WindowFactory for 'CEGUI/ProgressBar' windows added. (0x6180001615c0)
01/04/2017 19:36:34 (Std) 	Created WindowFactory for 'CEGUI/ScrollablePane' windows.
01/04/2017 19:36:34 (Std) 	WindowFactory for 'CEGUI/ScrollablePane' windows added. (0x618000161680)
01/04/2017 19:36:34 (Std) 	Created WindowFactory for 'CEGUI/Scrollbar' windows.
01/04/2017 19:36:34 (Std) 	WindowFactory for 'CEGUI/Scrollbar' windows added. (0x618000161740)
01/04/2017 19:36:34 (Std) 	Created WindowFactory for 'CEGUI/Slider' windows.
01/04/2017 19:36:34 (Std) 	WindowFactory for 'CEGUI/Slider' windows added. (0x618000161800)
01/04/2017 19:36:34 (Std) 	Created WindowFactory for 'CEGUI/Spinner' windows.
01/04/2017 19:36:34 (Std) 	WindowFactory for 'CEGUI/Spinner' windows added. (0x6180001618c0)
01/04/2017 19:36:34 (Std) 	Created WindowFactory for 'CEGUI/TabButton' windows.
01/04/2017 19:36:34 (Std) 	WindowFactory for 'CEGUI/TabButton' windows added. (0x618000161980)
01/04/2017 19:36:34 (Std) 	Created WindowFactory for 'CEGUI/TabControl' windows.
01/04/2017 19:36:34 (Std) 	WindowFactory for 'CEGUI/TabControl' windows added. (0x618000161a40)
01/04/2017 19:36:34 (Std) 	Created WindowFactory for 'CEGUI/Thumb' windows.
01/04/2017 19:36:34 (Std) 	WindowFactory for 'CEGUI/Thumb' windows added. (0x618000161b00)
01/04/2017 19:36:34 (Std) 	Created WindowFactory for 'CEGUI/Titlebar' windows.
01/04/2017 19:36:34 (Std) 	WindowFactory for 'CEGUI/Titlebar' windows added. (0x618000161bc0)
01/04/2017 19:36:34 (Std) 	Created WindowFactory for 'CEGUI/ToggleButton' windows.
01/04/2017 19:36:34 (Std) 	WindowFactory for 'CEGUI/ToggleButton' windows added. (0x618000161c80)
01/04/2017 19:36:34 (Std) 	Created WindowFactory for 'CEGUI/Tooltip' windows.
01/04/2017 19:36:34 (Std) 	WindowFactory for 'CEGUI/Tooltip' windows added. (0x618000161d40)
01/04/2017 19:36:34 (Std) 	Created WindowFactory for 'CEGUI/ItemListbox' windows.
01/04/2017 19:36:34 (Std) 	WindowFactory for 'CEGUI/ItemListbox' windows added. (0x618000161e00)
01/04/2017 19:36:34 (Std) 	Created WindowFactory for 'CEGUI/GroupBox' windows.
01/04/2017 19:36:34 (Std) 	WindowFactory for 'CEGUI/GroupBox' windows added. (0x618000161ec0)
01/04/2017 19:36:34 (Std) 	Created WindowFactory for 'CEGUI/Tree' windows.
01/04/2017 19:36:34 (Std) 	WindowFactory for 'CEGUI/Tree' windows added. (0x618000161f80)
01/04/2017 19:36:34 (Std) 	Created WindowFactory for 'LayoutCell' windows.
01/04/2017 19:36:34 (Std) 	WindowFactory for 'LayoutCell' windows added. (0x618000162040)
01/04/2017 19:36:34 (Std) 	Created WindowFactory for 'HorizontalLayoutContainer' windows.
01/04/2017 19:36:34 (Std) 	WindowFactory for 'HorizontalLayoutContainer' windows added. (0x618000162100)
01/04/2017 19:36:34 (Std) 	Created WindowFactory for 'VerticalLayoutContainer' windows.
01/04/2017 19:36:34 (Std) 	WindowFactory for 'VerticalLayoutContainer' windows added. (0x6180001621c0)
01/04/2017 19:36:34 (Std) 	Created WindowFactory for 'GridLayoutContainer' windows.
01/04/2017 19:36:34 (Std) 	WindowFactory for 'GridLayoutContainer' windows added. (0x618000162280)
01/04/2017 19:36:34 (Std) 	CEGUI::System singleton created. (0x105803010)
01/04/2017 19:36:34 (Std) 	---- CEGUI System initialisation completed ----
01/04/2017 19:36:34 (Std) 	
